<?xml version="1.0" encoding="UTF-8"?>
<testsuite xmlns:xsi="http://www.w3.org/2001/XMLSchema-instance" xsi:noNamespaceSchemaLocation="https://maven.apache.org/surefire/maven-surefire-plugin/xsd/surefire-test-report.xsd" version="3.0.2" name="himedia.slivermate.SlivermateApplicationTests" time="1.672" tests="1" errors="0" skipped="0" failures="0">
  <properties>
    <property name="java.specification.version" value="17"/>
    <property name="sun.jnu.encoding" value="UTF-8"/>
    <property name="java.class.path" value="/Users/dhkim/Documents/team-project/slivermate_project_springboot/target/test-classes:/Users/dhkim/Documents/team-project/slivermate_project_springboot/target/classes:/Users/dhkim/.m2/repository/org/springframework/boot/spring-boot-starter-validation/3.4.3/spring-boot-starter-validation-3.4.3.jar:/Users/dhkim/.m2/repository/org/springframework/boot/spring-boot-starter/3.4.3/spring-boot-starter-3.4.3.jar:/Users/dhkim/.m2/repository/org/springframework/boot/spring-boot/3.4.3/spring-boot-3.4.3.jar:/Users/dhkim/.m2/repository/org/springframework/boot/spring-boot-autoconfigure/3.4.3/spring-boot-autoconfigure-3.4.3.jar:/Users/dhkim/.m2/repository/org/springframework/boot/spring-boot-starter-logging/3.4.3/spring-boot-starter-logging-3.4.3.jar:/Users/dhkim/.m2/repository/ch/qos/logback/logback-classic/1.5.16/logback-classic-1.5.16.jar:/Users/dhkim/.m2/repository/ch/qos/logback/logback-core/1.5.16/logback-core-1.5.16.jar:/Users/dhkim/.m2/repository/org/apache/logging/log4j/log4j-to-slf4j/2.24.3/log4j-to-slf4j-2.24.3.jar:/Users/dhkim/.m2/repository/org/apache/logging/log4j/log4j-api/2.24.3/log4j-api-2.24.3.jar:/Users/dhkim/.m2/repository/org/slf4j/jul-to-slf4j/2.0.16/jul-to-slf4j-2.0.16.jar:/Users/dhkim/.m2/repository/jakarta/annotation/jakarta.annotation-api/2.1.1/jakarta.annotation-api-2.1.1.jar:/Users/dhkim/.m2/repository/org/yaml/snakeyaml/2.3/snakeyaml-2.3.jar:/Users/dhkim/.m2/repository/org/apache/tomcat/embed/tomcat-embed-el/10.1.36/tomcat-embed-el-10.1.36.jar:/Users/dhkim/.m2/repository/org/hibernate/validator/hibernate-validator/8.0.2.Final/hibernate-validator-8.0.2.Final.jar:/Users/dhkim/.m2/repository/jakarta/validation/jakarta.validation-api/3.0.2/jakarta.validation-api-3.0.2.jar:/Users/dhkim/.m2/repository/org/jboss/logging/jboss-logging/3.6.1.Final/jboss-logging-3.6.1.Final.jar:/Users/dhkim/.m2/repository/com/fasterxml/classmate/1.7.0/classmate-1.7.0.jar:/Users/dhkim/.m2/repository/org/springframework/boot/spring-boot-starter-web/3.4.3/spring-boot-starter-web-3.4.3.jar:/Users/dhkim/.m2/repository/org/springframework/boot/spring-boot-starter-json/3.4.3/spring-boot-starter-json-3.4.3.jar:/Users/dhkim/.m2/repository/com/fasterxml/jackson/core/jackson-databind/2.18.2/jackson-databind-2.18.2.jar:/Users/dhkim/.m2/repository/com/fasterxml/jackson/core/jackson-annotations/2.18.2/jackson-annotations-2.18.2.jar:/Users/dhkim/.m2/repository/com/fasterxml/jackson/core/jackson-core/2.18.2/jackson-core-2.18.2.jar:/Users/dhkim/.m2/repository/com/fasterxml/jackson/datatype/jackson-datatype-jdk8/2.18.2/jackson-datatype-jdk8-2.18.2.jar:/Users/dhkim/.m2/repository/com/fasterxml/jackson/datatype/jackson-datatype-jsr310/2.18.2/jackson-datatype-jsr310-2.18.2.jar:/Users/dhkim/.m2/repository/com/fasterxml/jackson/module/jackson-module-parameter-names/2.18.2/jackson-module-parameter-names-2.18.2.jar:/Users/dhkim/.m2/repository/org/springframework/boot/spring-boot-starter-tomcat/3.4.3/spring-boot-starter-tomcat-3.4.3.jar:/Users/dhkim/.m2/repository/org/apache/tomcat/embed/tomcat-embed-core/10.1.36/tomcat-embed-core-10.1.36.jar:/Users/dhkim/.m2/repository/org/apache/tomcat/embed/tomcat-embed-websocket/10.1.36/tomcat-embed-websocket-10.1.36.jar:/Users/dhkim/.m2/repository/org/springframework/spring-web/6.2.3/spring-web-6.2.3.jar:/Users/dhkim/.m2/repository/org/springframework/spring-beans/6.2.3/spring-beans-6.2.3.jar:/Users/dhkim/.m2/repository/io/micrometer/micrometer-observation/1.14.4/micrometer-observation-1.14.4.jar:/Users/dhkim/.m2/repository/io/micrometer/micrometer-commons/1.14.4/micrometer-commons-1.14.4.jar:/Users/dhkim/.m2/repository/org/springframework/spring-webmvc/6.2.3/spring-webmvc-6.2.3.jar:/Users/dhkim/.m2/repository/org/springframework/spring-aop/6.2.3/spring-aop-6.2.3.jar:/Users/dhkim/.m2/repository/org/springframework/spring-context/6.2.3/spring-context-6.2.3.jar:/Users/dhkim/.m2/repository/org/springframework/spring-expression/6.2.3/spring-expression-6.2.3.jar:/Users/dhkim/.m2/repository/org/mybatis/spring/boot/mybatis-spring-boot-starter/3.0.4/mybatis-spring-boot-starter-3.0.4.jar:/Users/dhkim/.m2/repository/org/springframework/boot/spring-boot-starter-jdbc/3.4.3/spring-boot-starter-jdbc-3.4.3.jar:/Users/dhkim/.m2/repository/com/zaxxer/HikariCP/5.1.0/HikariCP-5.1.0.jar:/Users/dhkim/.m2/repository/org/springframework/spring-jdbc/6.2.3/spring-jdbc-6.2.3.jar:/Users/dhkim/.m2/repository/org/mybatis/spring/boot/mybatis-spring-boot-autoconfigure/3.0.4/mybatis-spring-boot-autoconfigure-3.0.4.jar:/Users/dhkim/.m2/repository/org/mybatis/mybatis/3.5.17/mybatis-3.5.17.jar:/Users/dhkim/.m2/repository/org/mybatis/mybatis-spring/3.0.4/mybatis-spring-3.0.4.jar:/Users/dhkim/.m2/repository/com/mysql/mysql-connector-j/9.1.0/mysql-connector-j-9.1.0.jar:/Users/dhkim/.m2/repository/org/projectlombok/lombok/1.18.36/lombok-1.18.36.jar:/Users/dhkim/.m2/repository/org/springframework/boot/spring-boot-starter-test/3.4.3/spring-boot-starter-test-3.4.3.jar:/Users/dhkim/.m2/repository/org/springframework/boot/spring-boot-test/3.4.3/spring-boot-test-3.4.3.jar:/Users/dhkim/.m2/repository/org/springframework/boot/spring-boot-test-autoconfigure/3.4.3/spring-boot-test-autoconfigure-3.4.3.jar:/Users/dhkim/.m2/repository/com/jayway/jsonpath/json-path/2.9.0/json-path-2.9.0.jar:/Users/dhkim/.m2/repository/jakarta/xml/bind/jakarta.xml.bind-api/4.0.2/jakarta.xml.bind-api-4.0.2.jar:/Users/dhkim/.m2/repository/jakarta/activation/jakarta.activation-api/2.1.3/jakarta.activation-api-2.1.3.jar:/Users/dhkim/.m2/repository/net/minidev/json-smart/2.5.2/json-smart-2.5.2.jar:/Users/dhkim/.m2/repository/net/minidev/accessors-smart/2.5.2/accessors-smart-2.5.2.jar:/Users/dhkim/.m2/repository/org/ow2/asm/asm/9.7.1/asm-9.7.1.jar:/Users/dhkim/.m2/repository/org/assertj/assertj-core/3.26.3/assertj-core-3.26.3.jar:/Users/dhkim/.m2/repository/net/bytebuddy/byte-buddy/1.15.11/byte-buddy-1.15.11.jar:/Users/dhkim/.m2/repository/org/awaitility/awaitility/4.2.2/awaitility-4.2.2.jar:/Users/dhkim/.m2/repository/org/hamcrest/hamcrest/2.2/hamcrest-2.2.jar:/Users/dhkim/.m2/repository/org/junit/jupiter/junit-jupiter/5.11.4/junit-jupiter-5.11.4.jar:/Users/dhkim/.m2/repository/org/junit/jupiter/junit-jupiter-api/5.11.4/junit-jupiter-api-5.11.4.jar:/Users/dhkim/.m2/repository/org/opentest4j/opentest4j/1.3.0/opentest4j-1.3.0.jar:/Users/dhkim/.m2/repository/org/junit/platform/junit-platform-commons/1.11.4/junit-platform-commons-1.11.4.jar:/Users/dhkim/.m2/repository/org/apiguardian/apiguardian-api/1.1.2/apiguardian-api-1.1.2.jar:/Users/dhkim/.m2/repository/org/junit/jupiter/junit-jupiter-params/5.11.4/junit-jupiter-params-5.11.4.jar:/Users/dhkim/.m2/repository/org/junit/jupiter/junit-jupiter-engine/5.11.4/junit-jupiter-engine-5.11.4.jar:/Users/dhkim/.m2/repository/org/junit/platform/junit-platform-engine/1.11.4/junit-platform-engine-1.11.4.jar:/Users/dhkim/.m2/repository/org/mockito/mockito-core/5.14.2/mockito-core-5.14.2.jar:/Users/dhkim/.m2/repository/net/bytebuddy/byte-buddy-agent/1.15.11/byte-buddy-agent-1.15.11.jar:/Users/dhkim/.m2/repository/org/objenesis/objenesis/3.3/objenesis-3.3.jar:/Users/dhkim/.m2/repository/org/mockito/mockito-junit-jupiter/5.14.2/mockito-junit-jupiter-5.14.2.jar:/Users/dhkim/.m2/repository/org/skyscreamer/jsonassert/1.5.3/jsonassert-1.5.3.jar:/Users/dhkim/.m2/repository/com/vaadin/external/google/android-json/0.0.20131108.vaadin1/android-json-0.0.20131108.vaadin1.jar:/Users/dhkim/.m2/repository/org/springframework/spring-core/6.2.3/spring-core-6.2.3.jar:/Users/dhkim/.m2/repository/org/springframework/spring-jcl/6.2.3/spring-jcl-6.2.3.jar:/Users/dhkim/.m2/repository/org/springframework/spring-test/6.2.3/spring-test-6.2.3.jar:/Users/dhkim/.m2/repository/org/xmlunit/xmlunit-core/2.10.0/xmlunit-core-2.10.0.jar:/Users/dhkim/.m2/repository/org/mybatis/spring/boot/mybatis-spring-boot-starter-test/3.0.4/mybatis-spring-boot-starter-test-3.0.4.jar:/Users/dhkim/.m2/repository/org/mybatis/spring/boot/mybatis-spring-boot-test-autoconfigure/3.0.4/mybatis-spring-boot-test-autoconfigure-3.0.4.jar:/Users/dhkim/.m2/repository/org/springframework/spring-tx/6.2.3/spring-tx-6.2.3.jar:/Users/dhkim/.m2/repository/software/amazon/awssdk/aws-core/2.25.46/aws-core-2.25.46.jar:/Users/dhkim/.m2/repository/software/amazon/awssdk/annotations/2.25.46/annotations-2.25.46.jar:/Users/dhkim/.m2/repository/software/amazon/awssdk/regions/2.25.46/regions-2.25.46.jar:/Users/dhkim/.m2/repository/software/amazon/awssdk/auth/2.25.46/auth-2.25.46.jar:/Users/dhkim/.m2/repository/software/amazon/awssdk/http-auth-spi/2.25.46/http-auth-spi-2.25.46.jar:/Users/dhkim/.m2/repository/org/reactivestreams/reactive-streams/1.0.4/reactive-streams-1.0.4.jar:/Users/dhkim/.m2/repository/software/amazon/awssdk/identity-spi/2.25.46/identity-spi-2.25.46.jar:/Users/dhkim/.m2/repository/software/amazon/awssdk/http-auth/2.25.46/http-auth-2.25.46.jar:/Users/dhkim/.m2/repository/software/amazon/awssdk/profiles/2.25.46/profiles-2.25.46.jar:/Users/dhkim/.m2/repository/software/amazon/awssdk/sdk-core/2.25.46/sdk-core-2.25.46.jar:/Users/dhkim/.m2/repository/software/amazon/awssdk/http-client-spi/2.25.46/http-client-spi-2.25.46.jar:/Users/dhkim/.m2/repository/software/amazon/awssdk/metrics-spi/2.25.46/metrics-spi-2.25.46.jar:/Users/dhkim/.m2/repository/software/amazon/awssdk/endpoints-spi/2.25.46/endpoints-spi-2.25.46.jar:/Users/dhkim/.m2/repository/software/amazon/awssdk/utils/2.25.46/utils-2.25.46.jar:/Users/dhkim/.m2/repository/software/amazon/eventstream/eventstream/1.0.1/eventstream-1.0.1.jar:/Users/dhkim/.m2/repository/software/amazon/awssdk/s3/2.25.46/s3-2.25.46.jar:/Users/dhkim/.m2/repository/software/amazon/awssdk/aws-xml-protocol/2.25.46/aws-xml-protocol-2.25.46.jar:/Users/dhkim/.m2/repository/software/amazon/awssdk/aws-query-protocol/2.25.46/aws-query-protocol-2.25.46.jar:/Users/dhkim/.m2/repository/software/amazon/awssdk/protocol-core/2.25.46/protocol-core-2.25.46.jar:/Users/dhkim/.m2/repository/software/amazon/awssdk/arns/2.25.46/arns-2.25.46.jar:/Users/dhkim/.m2/repository/software/amazon/awssdk/crt-core/2.25.46/crt-core-2.25.46.jar:/Users/dhkim/.m2/repository/software/amazon/awssdk/http-auth-aws/2.25.46/http-auth-aws-2.25.46.jar:/Users/dhkim/.m2/repository/software/amazon/awssdk/checksums/2.25.46/checksums-2.25.46.jar:/Users/dhkim/.m2/repository/software/amazon/awssdk/checksums-spi/2.25.46/checksums-spi-2.25.46.jar:/Users/dhkim/.m2/repository/software/amazon/awssdk/json-utils/2.25.46/json-utils-2.25.46.jar:/Users/dhkim/.m2/repository/software/amazon/awssdk/third-party-jackson-core/2.25.46/third-party-jackson-core-2.25.46.jar:/Users/dhkim/.m2/repository/software/amazon/awssdk/apache-client/2.25.46/apache-client-2.25.46.jar:/Users/dhkim/.m2/repository/org/apache/httpcomponents/httpclient/4.5.13/httpclient-4.5.13.jar:/Users/dhkim/.m2/repository/commons-logging/commons-logging/1.2/commons-logging-1.2.jar:/Users/dhkim/.m2/repository/org/apache/httpcomponents/httpcore/4.4.16/httpcore-4.4.16.jar:/Users/dhkim/.m2/repository/commons-codec/commons-codec/1.17.2/commons-codec-1.17.2.jar:/Users/dhkim/.m2/repository/software/amazon/awssdk/netty-nio-client/2.25.46/netty-nio-client-2.25.46.jar:/Users/dhkim/.m2/repository/io/netty/netty-codec-http/4.1.118.Final/netty-codec-http-4.1.118.Final.jar:/Users/dhkim/.m2/repository/io/netty/netty-codec-http2/4.1.118.Final/netty-codec-http2-4.1.118.Final.jar:/Users/dhkim/.m2/repository/io/netty/netty-codec/4.1.118.Final/netty-codec-4.1.118.Final.jar:/Users/dhkim/.m2/repository/io/netty/netty-transport/4.1.118.Final/netty-transport-4.1.118.Final.jar:/Users/dhkim/.m2/repository/io/netty/netty-common/4.1.118.Final/netty-common-4.1.118.Final.jar:/Users/dhkim/.m2/repository/io/netty/netty-buffer/4.1.118.Final/netty-buffer-4.1.118.Final.jar:/Users/dhkim/.m2/repository/io/netty/netty-handler/4.1.118.Final/netty-handler-4.1.118.Final.jar:/Users/dhkim/.m2/repository/io/netty/netty-transport-native-unix-common/4.1.118.Final/netty-transport-native-unix-common-4.1.118.Final.jar:/Users/dhkim/.m2/repository/io/netty/netty-transport-classes-epoll/4.1.118.Final/netty-transport-classes-epoll-4.1.118.Final.jar:/Users/dhkim/.m2/repository/io/netty/netty-resolver/4.1.118.Final/netty-resolver-4.1.118.Final.jar:/Users/dhkim/.m2/repository/io/awspring/cloud/spring-cloud-aws-starter-s3/3.1.1/spring-cloud-aws-starter-s3-3.1.1.jar:/Users/dhkim/.m2/repository/io/awspring/cloud/spring-cloud-aws-s3/3.1.1/spring-cloud-aws-s3-3.1.1.jar:/Users/dhkim/.m2/repository/io/awspring/cloud/spring-cloud-aws-s3-cross-region-client/3.1.1/spring-cloud-aws-s3-cross-region-client-3.1.1.jar:/Users/dhkim/.m2/repository/io/awspring/cloud/spring-cloud-aws-starter/3.1.1/spring-cloud-aws-starter-3.1.1.jar:/Users/dhkim/.m2/repository/io/awspring/cloud/spring-cloud-aws-autoconfigure/3.1.1/spring-cloud-aws-autoconfigure-3.1.1.jar:/Users/dhkim/.m2/repository/io/awspring/cloud/spring-cloud-aws-core/3.1.1/spring-cloud-aws-core-3.1.1.jar:/Users/dhkim/.m2/repository/org/slf4j/slf4j-api/2.0.16/slf4j-api-2.0.16.jar:/Users/dhkim/.m2/repository/io/github/cdimascio/java-dotenv/5.2.2/java-dotenv-5.2.2.jar:/Users/dhkim/.m2/repository/org/jetbrains/kotlin/kotlin-stdlib/1.9.25/kotlin-stdlib-1.9.25.jar:/Users/dhkim/.m2/repository/org/jetbrains/annotations/13.0/annotations-13.0.jar:"/>
    <property name="java.vm.vendor" value="Eclipse Adoptium"/>
    <property name="sun.arch.data.model" value="64"/>
    <property name="java.vendor.url" value="https://adoptium.net/"/>
    <property name="user.timezone" value="Asia/Seoul"/>
    <property name="org.jboss.logging.provider" value="slf4j"/>
    <property name="os.name" value="Mac OS X"/>
    <property name="java.vm.specification.version" value="17"/>
    <property name="APPLICATION_NAME" value="slivermate_project_springboot"/>
    <property name="sun.java.launcher" value="SUN_STANDARD"/>
    <property name="user.country" value="KR"/>
    <property name="sun.boot.library.path" value="/Library/Java/JavaVirtualMachines/temurin-17.jdk/Contents/Home/lib"/>
    <property name="sun.java.command" value="/Users/dhkim/Documents/team-project/slivermate_project_springboot/target/surefire/surefirebooter-20250326183408387_3.jar /Users/dhkim/Documents/team-project/slivermate_project_springboot/target/surefire 2025-03-26T18-34-08_355-jvmRun1 surefire-20250326183408387_1tmp surefire_0-20250326183408387_2tmp"/>
    <property name="http.nonProxyHosts" value="local|*.local|169.254/16|*.169.254/16"/>
    <property name="jdk.debug" value="release"/>
    <property name="surefire.test.class.path" value="/Users/dhkim/Documents/team-project/slivermate_project_springboot/target/test-classes:/Users/dhkim/Documents/team-project/slivermate_project_springboot/target/classes:/Users/dhkim/.m2/repository/org/springframework/boot/spring-boot-starter-validation/3.4.3/spring-boot-starter-validation-3.4.3.jar:/Users/dhkim/.m2/repository/org/springframework/boot/spring-boot-starter/3.4.3/spring-boot-starter-3.4.3.jar:/Users/dhkim/.m2/repository/org/springframework/boot/spring-boot/3.4.3/spring-boot-3.4.3.jar:/Users/dhkim/.m2/repository/org/springframework/boot/spring-boot-autoconfigure/3.4.3/spring-boot-autoconfigure-3.4.3.jar:/Users/dhkim/.m2/repository/org/springframework/boot/spring-boot-starter-logging/3.4.3/spring-boot-starter-logging-3.4.3.jar:/Users/dhkim/.m2/repository/ch/qos/logback/logback-classic/1.5.16/logback-classic-1.5.16.jar:/Users/dhkim/.m2/repository/ch/qos/logback/logback-core/1.5.16/logback-core-1.5.16.jar:/Users/dhkim/.m2/repository/org/apache/logging/log4j/log4j-to-slf4j/2.24.3/log4j-to-slf4j-2.24.3.jar:/Users/dhkim/.m2/repository/org/apache/logging/log4j/log4j-api/2.24.3/log4j-api-2.24.3.jar:/Users/dhkim/.m2/repository/org/slf4j/jul-to-slf4j/2.0.16/jul-to-slf4j-2.0.16.jar:/Users/dhkim/.m2/repository/jakarta/annotation/jakarta.annotation-api/2.1.1/jakarta.annotation-api-2.1.1.jar:/Users/dhkim/.m2/repository/org/yaml/snakeyaml/2.3/snakeyaml-2.3.jar:/Users/dhkim/.m2/repository/org/apache/tomcat/embed/tomcat-embed-el/10.1.36/tomcat-embed-el-10.1.36.jar:/Users/dhkim/.m2/repository/org/hibernate/validator/hibernate-validator/8.0.2.Final/hibernate-validator-8.0.2.Final.jar:/Users/dhkim/.m2/repository/jakarta/validation/jakarta.validation-api/3.0.2/jakarta.validation-api-3.0.2.jar:/Users/dhkim/.m2/repository/org/jboss/logging/jboss-logging/3.6.1.Final/jboss-logging-3.6.1.Final.jar:/Users/dhkim/.m2/repository/com/fasterxml/classmate/1.7.0/classmate-1.7.0.jar:/Users/dhkim/.m2/repository/org/springframework/boot/spring-boot-starter-web/3.4.3/spring-boot-starter-web-3.4.3.jar:/Users/dhkim/.m2/repository/org/springframework/boot/spring-boot-starter-json/3.4.3/spring-boot-starter-json-3.4.3.jar:/Users/dhkim/.m2/repository/com/fasterxml/jackson/core/jackson-databind/2.18.2/jackson-databind-2.18.2.jar:/Users/dhkim/.m2/repository/com/fasterxml/jackson/core/jackson-annotations/2.18.2/jackson-annotations-2.18.2.jar:/Users/dhkim/.m2/repository/com/fasterxml/jackson/core/jackson-core/2.18.2/jackson-core-2.18.2.jar:/Users/dhkim/.m2/repository/com/fasterxml/jackson/datatype/jackson-datatype-jdk8/2.18.2/jackson-datatype-jdk8-2.18.2.jar:/Users/dhkim/.m2/repository/com/fasterxml/jackson/datatype/jackson-datatype-jsr310/2.18.2/jackson-datatype-jsr310-2.18.2.jar:/Users/dhkim/.m2/repository/com/fasterxml/jackson/module/jackson-module-parameter-names/2.18.2/jackson-module-parameter-names-2.18.2.jar:/Users/dhkim/.m2/repository/org/springframework/boot/spring-boot-starter-tomcat/3.4.3/spring-boot-starter-tomcat-3.4.3.jar:/Users/dhkim/.m2/repository/org/apache/tomcat/embed/tomcat-embed-core/10.1.36/tomcat-embed-core-10.1.36.jar:/Users/dhkim/.m2/repository/org/apache/tomcat/embed/tomcat-embed-websocket/10.1.36/tomcat-embed-websocket-10.1.36.jar:/Users/dhkim/.m2/repository/org/springframework/spring-web/6.2.3/spring-web-6.2.3.jar:/Users/dhkim/.m2/repository/org/springframework/spring-beans/6.2.3/spring-beans-6.2.3.jar:/Users/dhkim/.m2/repository/io/micrometer/micrometer-observation/1.14.4/micrometer-observation-1.14.4.jar:/Users/dhkim/.m2/repository/io/micrometer/micrometer-commons/1.14.4/micrometer-commons-1.14.4.jar:/Users/dhkim/.m2/repository/org/springframework/spring-webmvc/6.2.3/spring-webmvc-6.2.3.jar:/Users/dhkim/.m2/repository/org/springframework/spring-aop/6.2.3/spring-aop-6.2.3.jar:/Users/dhkim/.m2/repository/org/springframework/spring-context/6.2.3/spring-context-6.2.3.jar:/Users/dhkim/.m2/repository/org/springframework/spring-expression/6.2.3/spring-expression-6.2.3.jar:/Users/dhkim/.m2/repository/org/mybatis/spring/boot/mybatis-spring-boot-starter/3.0.4/mybatis-spring-boot-starter-3.0.4.jar:/Users/dhkim/.m2/repository/org/springframework/boot/spring-boot-starter-jdbc/3.4.3/spring-boot-starter-jdbc-3.4.3.jar:/Users/dhkim/.m2/repository/com/zaxxer/HikariCP/5.1.0/HikariCP-5.1.0.jar:/Users/dhkim/.m2/repository/org/springframework/spring-jdbc/6.2.3/spring-jdbc-6.2.3.jar:/Users/dhkim/.m2/repository/org/mybatis/spring/boot/mybatis-spring-boot-autoconfigure/3.0.4/mybatis-spring-boot-autoconfigure-3.0.4.jar:/Users/dhkim/.m2/repository/org/mybatis/mybatis/3.5.17/mybatis-3.5.17.jar:/Users/dhkim/.m2/repository/org/mybatis/mybatis-spring/3.0.4/mybatis-spring-3.0.4.jar:/Users/dhkim/.m2/repository/com/mysql/mysql-connector-j/9.1.0/mysql-connector-j-9.1.0.jar:/Users/dhkim/.m2/repository/org/projectlombok/lombok/1.18.36/lombok-1.18.36.jar:/Users/dhkim/.m2/repository/org/springframework/boot/spring-boot-starter-test/3.4.3/spring-boot-starter-test-3.4.3.jar:/Users/dhkim/.m2/repository/org/springframework/boot/spring-boot-test/3.4.3/spring-boot-test-3.4.3.jar:/Users/dhkim/.m2/repository/org/springframework/boot/spring-boot-test-autoconfigure/3.4.3/spring-boot-test-autoconfigure-3.4.3.jar:/Users/dhkim/.m2/repository/com/jayway/jsonpath/json-path/2.9.0/json-path-2.9.0.jar:/Users/dhkim/.m2/repository/jakarta/xml/bind/jakarta.xml.bind-api/4.0.2/jakarta.xml.bind-api-4.0.2.jar:/Users/dhkim/.m2/repository/jakarta/activation/jakarta.activation-api/2.1.3/jakarta.activation-api-2.1.3.jar:/Users/dhkim/.m2/repository/net/minidev/json-smart/2.5.2/json-smart-2.5.2.jar:/Users/dhkim/.m2/repository/net/minidev/accessors-smart/2.5.2/accessors-smart-2.5.2.jar:/Users/dhkim/.m2/repository/org/ow2/asm/asm/9.7.1/asm-9.7.1.jar:/Users/dhkim/.m2/repository/org/assertj/assertj-core/3.26.3/assertj-core-3.26.3.jar:/Users/dhkim/.m2/repository/net/bytebuddy/byte-buddy/1.15.11/byte-buddy-1.15.11.jar:/Users/dhkim/.m2/repository/org/awaitility/awaitility/4.2.2/awaitility-4.2.2.jar:/Users/dhkim/.m2/repository/org/hamcrest/hamcrest/2.2/hamcrest-2.2.jar:/Users/dhkim/.m2/repository/org/junit/jupiter/junit-jupiter/5.11.4/junit-jupiter-5.11.4.jar:/Users/dhkim/.m2/repository/org/junit/jupiter/junit-jupiter-api/5.11.4/junit-jupiter-api-5.11.4.jar:/Users/dhkim/.m2/repository/org/opentest4j/opentest4j/1.3.0/opentest4j-1.3.0.jar:/Users/dhkim/.m2/repository/org/junit/platform/junit-platform-commons/1.11.4/junit-platform-commons-1.11.4.jar:/Users/dhkim/.m2/repository/org/apiguardian/apiguardian-api/1.1.2/apiguardian-api-1.1.2.jar:/Users/dhkim/.m2/repository/org/junit/jupiter/junit-jupiter-params/5.11.4/junit-jupiter-params-5.11.4.jar:/Users/dhkim/.m2/repository/org/junit/jupiter/junit-jupiter-engine/5.11.4/junit-jupiter-engine-5.11.4.jar:/Users/dhkim/.m2/repository/org/junit/platform/junit-platform-engine/1.11.4/junit-platform-engine-1.11.4.jar:/Users/dhkim/.m2/repository/org/mockito/mockito-core/5.14.2/mockito-core-5.14.2.jar:/Users/dhkim/.m2/repository/net/bytebuddy/byte-buddy-agent/1.15.11/byte-buddy-agent-1.15.11.jar:/Users/dhkim/.m2/repository/org/objenesis/objenesis/3.3/objenesis-3.3.jar:/Users/dhkim/.m2/repository/org/mockito/mockito-junit-jupiter/5.14.2/mockito-junit-jupiter-5.14.2.jar:/Users/dhkim/.m2/repository/org/skyscreamer/jsonassert/1.5.3/jsonassert-1.5.3.jar:/Users/dhkim/.m2/repository/com/vaadin/external/google/android-json/0.0.20131108.vaadin1/android-json-0.0.20131108.vaadin1.jar:/Users/dhkim/.m2/repository/org/springframework/spring-core/6.2.3/spring-core-6.2.3.jar:/Users/dhkim/.m2/repository/org/springframework/spring-jcl/6.2.3/spring-jcl-6.2.3.jar:/Users/dhkim/.m2/repository/org/springframework/spring-test/6.2.3/spring-test-6.2.3.jar:/Users/dhkim/.m2/repository/org/xmlunit/xmlunit-core/2.10.0/xmlunit-core-2.10.0.jar:/Users/dhkim/.m2/repository/org/mybatis/spring/boot/mybatis-spring-boot-starter-test/3.0.4/mybatis-spring-boot-starter-test-3.0.4.jar:/Users/dhkim/.m2/repository/org/mybatis/spring/boot/mybatis-spring-boot-test-autoconfigure/3.0.4/mybatis-spring-boot-test-autoconfigure-3.0.4.jar:/Users/dhkim/.m2/repository/org/springframework/spring-tx/6.2.3/spring-tx-6.2.3.jar:/Users/dhkim/.m2/repository/software/amazon/awssdk/aws-core/2.25.46/aws-core-2.25.46.jar:/Users/dhkim/.m2/repository/software/amazon/awssdk/annotations/2.25.46/annotations-2.25.46.jar:/Users/dhkim/.m2/repository/software/amazon/awssdk/regions/2.25.46/regions-2.25.46.jar:/Users/dhkim/.m2/repository/software/amazon/awssdk/auth/2.25.46/auth-2.25.46.jar:/Users/dhkim/.m2/repository/software/amazon/awssdk/http-auth-spi/2.25.46/http-auth-spi-2.25.46.jar:/Users/dhkim/.m2/repository/org/reactivestreams/reactive-streams/1.0.4/reactive-streams-1.0.4.jar:/Users/dhkim/.m2/repository/software/amazon/awssdk/identity-spi/2.25.46/identity-spi-2.25.46.jar:/Users/dhkim/.m2/repository/software/amazon/awssdk/http-auth/2.25.46/http-auth-2.25.46.jar:/Users/dhkim/.m2/repository/software/amazon/awssdk/profiles/2.25.46/profiles-2.25.46.jar:/Users/dhkim/.m2/repository/software/amazon/awssdk/sdk-core/2.25.46/sdk-core-2.25.46.jar:/Users/dhkim/.m2/repository/software/amazon/awssdk/http-client-spi/2.25.46/http-client-spi-2.25.46.jar:/Users/dhkim/.m2/repository/software/amazon/awssdk/metrics-spi/2.25.46/metrics-spi-2.25.46.jar:/Users/dhkim/.m2/repository/software/amazon/awssdk/endpoints-spi/2.25.46/endpoints-spi-2.25.46.jar:/Users/dhkim/.m2/repository/software/amazon/awssdk/utils/2.25.46/utils-2.25.46.jar:/Users/dhkim/.m2/repository/software/amazon/eventstream/eventstream/1.0.1/eventstream-1.0.1.jar:/Users/dhkim/.m2/repository/software/amazon/awssdk/s3/2.25.46/s3-2.25.46.jar:/Users/dhkim/.m2/repository/software/amazon/awssdk/aws-xml-protocol/2.25.46/aws-xml-protocol-2.25.46.jar:/Users/dhkim/.m2/repository/software/amazon/awssdk/aws-query-protocol/2.25.46/aws-query-protocol-2.25.46.jar:/Users/dhkim/.m2/repository/software/amazon/awssdk/protocol-core/2.25.46/protocol-core-2.25.46.jar:/Users/dhkim/.m2/repository/software/amazon/awssdk/arns/2.25.46/arns-2.25.46.jar:/Users/dhkim/.m2/repository/software/amazon/awssdk/crt-core/2.25.46/crt-core-2.25.46.jar:/Users/dhkim/.m2/repository/software/amazon/awssdk/http-auth-aws/2.25.46/http-auth-aws-2.25.46.jar:/Users/dhkim/.m2/repository/software/amazon/awssdk/checksums/2.25.46/checksums-2.25.46.jar:/Users/dhkim/.m2/repository/software/amazon/awssdk/checksums-spi/2.25.46/checksums-spi-2.25.46.jar:/Users/dhkim/.m2/repository/software/amazon/awssdk/json-utils/2.25.46/json-utils-2.25.46.jar:/Users/dhkim/.m2/repository/software/amazon/awssdk/third-party-jackson-core/2.25.46/third-party-jackson-core-2.25.46.jar:/Users/dhkim/.m2/repository/software/amazon/awssdk/apache-client/2.25.46/apache-client-2.25.46.jar:/Users/dhkim/.m2/repository/org/apache/httpcomponents/httpclient/4.5.13/httpclient-4.5.13.jar:/Users/dhkim/.m2/repository/commons-logging/commons-logging/1.2/commons-logging-1.2.jar:/Users/dhkim/.m2/repository/org/apache/httpcomponents/httpcore/4.4.16/httpcore-4.4.16.jar:/Users/dhkim/.m2/repository/commons-codec/commons-codec/1.17.2/commons-codec-1.17.2.jar:/Users/dhkim/.m2/repository/software/amazon/awssdk/netty-nio-client/2.25.46/netty-nio-client-2.25.46.jar:/Users/dhkim/.m2/repository/io/netty/netty-codec-http/4.1.118.Final/netty-codec-http-4.1.118.Final.jar:/Users/dhkim/.m2/repository/io/netty/netty-codec-http2/4.1.118.Final/netty-codec-http2-4.1.118.Final.jar:/Users/dhkim/.m2/repository/io/netty/netty-codec/4.1.118.Final/netty-codec-4.1.118.Final.jar:/Users/dhkim/.m2/repository/io/netty/netty-transport/4.1.118.Final/netty-transport-4.1.118.Final.jar:/Users/dhkim/.m2/repository/io/netty/netty-common/4.1.118.Final/netty-common-4.1.118.Final.jar:/Users/dhkim/.m2/repository/io/netty/netty-buffer/4.1.118.Final/netty-buffer-4.1.118.Final.jar:/Users/dhkim/.m2/repository/io/netty/netty-handler/4.1.118.Final/netty-handler-4.1.118.Final.jar:/Users/dhkim/.m2/repository/io/netty/netty-transport-native-unix-common/4.1.118.Final/netty-transport-native-unix-common-4.1.118.Final.jar:/Users/dhkim/.m2/repository/io/netty/netty-transport-classes-epoll/4.1.118.Final/netty-transport-classes-epoll-4.1.118.Final.jar:/Users/dhkim/.m2/repository/io/netty/netty-resolver/4.1.118.Final/netty-resolver-4.1.118.Final.jar:/Users/dhkim/.m2/repository/io/awspring/cloud/spring-cloud-aws-starter-s3/3.1.1/spring-cloud-aws-starter-s3-3.1.1.jar:/Users/dhkim/.m2/repository/io/awspring/cloud/spring-cloud-aws-s3/3.1.1/spring-cloud-aws-s3-3.1.1.jar:/Users/dhkim/.m2/repository/io/awspring/cloud/spring-cloud-aws-s3-cross-region-client/3.1.1/spring-cloud-aws-s3-cross-region-client-3.1.1.jar:/Users/dhkim/.m2/repository/io/awspring/cloud/spring-cloud-aws-starter/3.1.1/spring-cloud-aws-starter-3.1.1.jar:/Users/dhkim/.m2/repository/io/awspring/cloud/spring-cloud-aws-autoconfigure/3.1.1/spring-cloud-aws-autoconfigure-3.1.1.jar:/Users/dhkim/.m2/repository/io/awspring/cloud/spring-cloud-aws-core/3.1.1/spring-cloud-aws-core-3.1.1.jar:/Users/dhkim/.m2/repository/org/slf4j/slf4j-api/2.0.16/slf4j-api-2.0.16.jar:/Users/dhkim/.m2/repository/io/github/cdimascio/java-dotenv/5.2.2/java-dotenv-5.2.2.jar:/Users/dhkim/.m2/repository/org/jetbrains/kotlin/kotlin-stdlib/1.9.25/kotlin-stdlib-1.9.25.jar:/Users/dhkim/.m2/repository/org/jetbrains/annotations/13.0/annotations-13.0.jar:"/>
    <property name="sun.cpu.endian" value="little"/>
    <property name="user.home" value="/Users/dhkim"/>
    <property name="user.language" value="ko"/>
    <property name="java.specification.vendor" value="Oracle Corporation"/>
    <property name="java.version.date" value="2024-10-15"/>
    <property name="java.home" value="/Library/Java/JavaVirtualMachines/temurin-17.jdk/Contents/Home"/>
    <property name="file.separator" value="/"/>
    <property name="style.color" value="always"/>
    <property name="basedir" value="/Users/dhkim/Documents/team-project/slivermate_project_springboot"/>
    <property name="java.vm.compressedOopsMode" value="Zero based"/>
    <property name="line.separator" value="&#10;"/>
    <property name="java.vm.specification.vendor" value="Oracle Corporation"/>
    <property name="java.specification.name" value="Java Platform API Specification"/>
    <property name="FILE_LOG_CHARSET" value="UTF-8"/>
    <property name="java.awt.headless" value="true"/>
    <property name="surefire.real.class.path" value="/Users/dhkim/Documents/team-project/slivermate_project_springboot/target/surefire/surefirebooter-20250326183408387_3.jar"/>
    <property name="sun.management.compiler" value="HotSpot 64-Bit Tiered Compilers"/>
    <property name="ftp.nonProxyHosts" value="local|*.local|169.254/16|*.169.254/16"/>
    <property name="java.runtime.version" value="17.0.13+11"/>
    <property name="user.name" value="dhkim"/>
    <property name="path.separator" value=":"/>
    <property name="os.version" value="15.3.2"/>
    <property name="java.runtime.name" value="OpenJDK Runtime Environment"/>
    <property name="file.encoding" value="UTF-8"/>
    <property name="java.vm.name" value="OpenJDK 64-Bit Server VM"/>
    <property name="java.vendor.version" value="Temurin-17.0.13+11"/>
    <property name="localRepository" value="/Users/dhkim/.m2/repository"/>
    <property name="java.vendor.url.bug" value="https://github.com/adoptium/adoptium-support/issues"/>
    <property name="java.io.tmpdir" value="/var/folders/b1/2cx21zw51ngdh0v4gwxkg_500000gn/T/"/>
    <property name="java.version" value="17.0.13"/>
    <property name="user.dir" value="/Users/dhkim/Documents/team-project/slivermate_project_springboot"/>
    <property name="os.arch" value="aarch64"/>
    <property name="java.vm.specification.name" value="Java Virtual Machine Specification"/>
    <property name="PID" value="48491"/>
    <property name="CONSOLE_LOG_CHARSET" value="UTF-8"/>
    <property name="native.encoding" value="UTF-8"/>
    <property name="java.library.path" value="/Users/dhkim/Library/Java/Extensions:/Library/Java/Extensions:/Network/Library/Java/Extensions:/System/Library/Java/Extensions:/usr/lib/java:."/>
    <property name="java.vm.info" value="mixed mode, sharing"/>
    <property name="java.vendor" value="Eclipse Adoptium"/>
    <property name="java.vm.version" value="17.0.13+11"/>
    <property name="java.specification.maintenance.version" value="1"/>
    <property name="sun.io.unicode.encoding" value="UnicodeBig"/>
    <property name="socksNonProxyHosts" value="local|*.local|169.254/16|*.169.254/16"/>
    <property name="java.class.version" value="61.0"/>
    <property name="LOGGED_APPLICATION_NAME" value="[slivermate_project_springboot] "/>
  </properties>
  <testcase name="contextLoads" classname="himedia.slivermate.SlivermateApplicationTests" time="0.022">
    <system-out><![CDATA[18:34:08.694 [main] INFO org.springframework.test.context.support.AnnotationConfigContextLoaderUtils -- Could not detect default configuration classes for test class [himedia.slivermate.SlivermateApplicationTests]: SlivermateApplicationTests does not declare any static, non-private, non-final, nested classes annotated with @Configuration.
18:34:08.734 [main] INFO org.springframework.boot.test.context.SpringBootTestContextBootstrapper -- Found @SpringBootConfiguration himedia.slivermate.SlivermateApplication for test class himedia.slivermate.SlivermateApplicationTests

  .   ____          _            __ _ _
 /\\ / ___'_ __ _ _(_)_ __  __ _ \ \ \ \
( ( )\___ | '_ | '_| | '_ \/ _` | \ \ \ \
 \\/  ___)| |_)| | | | | || (_| |  ) ) ) )
  '  |____| .__|_| |_|_| |_\__, | / / / /
 =========|_|==============|___/=/_/_/_/

 :: Spring Boot ::                (v3.4.3)

2025-03-26T18:34:08.872+09:00  INFO 48491 --- [slivermate_project_springboot] [           main] h.slivermate.SlivermateApplicationTests  : Starting SlivermateApplicationTests using Java 17.0.13 with PID 48491 (started by dhkim in /Users/dhkim/Documents/team-project/slivermate_project_springboot)
2025-03-26T18:34:08.873+09:00  INFO 48491 --- [slivermate_project_springboot] [           main] h.slivermate.SlivermateApplicationTests  : No active profile set, falling back to 1 default profile: "default"
2025-03-26T18:34:09.713+09:00  INFO 48491 --- [slivermate_project_springboot] [           main] h.slivermate.SlivermateApplicationTests  : Started SlivermateApplicationTests in 0.931 seconds (process running for 1.281)
]]></system-out>
  </testcase>
</testsuite>